Classic Timing Analyzer report for CIRCUITO
Mon May 17 11:19:39 2021
Quartus II Version 9.1 Build 222 10/21/2009 SJ Web Edition


---------------------
; Table of Contents ;
---------------------
  1. Legal Notice
  2. Timing Analyzer Summary
  3. Timing Analyzer Settings
  4. Clock Settings Summary
  5. Parallel Compilation
  6. Clock Setup: 'CLKN'
  7. tsu
  8. tco
  9. th
 10. Timing Analyzer Messages



----------------
; Legal Notice ;
----------------
Copyright (C) 1991-2009 Altera Corporation
Your use of Altera Corporation's design tools, logic functions 
and other software and tools, and its AMPP partner logic 
functions, and any output files from any of the foregoing 
(including device programming or simulation files), and any 
associated documentation or information are expressly subject 
to the terms and conditions of the Altera Program License 
Subscription Agreement, Altera MegaCore Function License 
Agreement, or other applicable license agreement, including, 
without limitation, that your use is for the sole purpose of 
programming logic devices manufactured by Altera and sold by 
Altera or its authorized distributors.  Please refer to the 
applicable agreement for further details.



+----------------------------------------------------------------------------------------------------------------------------------------------------------------+
; Timing Analyzer Summary                                                                                                                                        ;
+------------------------------+-------+---------------+------------------------------------------------+--------+--------+------------+----------+--------------+
; Type                         ; Slack ; Required Time ; Actual Time                                    ; From   ; To     ; From Clock ; To Clock ; Failed Paths ;
+------------------------------+-------+---------------+------------------------------------------------+--------+--------+------------+----------+--------------+
; Worst-case tsu               ; N/A   ; None          ; 3.818 ns                                       ; A[2]   ; Q~reg0 ; --         ; CLKN     ; 0            ;
; Worst-case tco               ; N/A   ; None          ; 9.184 ns                                       ; Q~reg0 ; Q      ; CLKN       ; --       ; 0            ;
; Worst-case th                ; N/A   ; None          ; 0.998 ns                                       ; A[1]   ; Q~reg0 ; --         ; CLKN     ; 0            ;
; Clock Setup: 'CLKN'          ; N/A   ; None          ; Restricted to 450.05 MHz ( period = 2.222 ns ) ; Q~reg0 ; Q~reg0 ; CLKN       ; CLKN     ; 0            ;
; Total number of failed paths ;       ;               ;                                                ;        ;        ;            ;          ; 0            ;
+------------------------------+-------+---------------+------------------------------------------------+--------+--------+------------+----------+--------------+


+-----------------------------------------------------------------------------------------------------------------------------------------------------+
; Timing Analyzer Settings                                                                                                                            ;
+------------------------------------------------------------------------------------------------------+--------------------+------+----+-------------+
; Option                                                                                               ; Setting            ; From ; To ; Entity Name ;
+------------------------------------------------------------------------------------------------------+--------------------+------+----+-------------+
; Device Name                                                                                          ; EP2C35F672C6       ;      ;    ;             ;
; Timing Models                                                                                        ; Final              ;      ;    ;             ;
; Default hold multicycle                                                                              ; Same as Multicycle ;      ;    ;             ;
; Cut paths between unrelated clock domains                                                            ; On                 ;      ;    ;             ;
; Cut off read during write signal paths                                                               ; On                 ;      ;    ;             ;
; Cut off feedback from I/O pins                                                                       ; On                 ;      ;    ;             ;
; Report Combined Fast/Slow Timing                                                                     ; Off                ;      ;    ;             ;
; Ignore Clock Settings                                                                                ; Off                ;      ;    ;             ;
; Analyze latches as synchronous elements                                                              ; On                 ;      ;    ;             ;
; Enable Recovery/Removal analysis                                                                     ; Off                ;      ;    ;             ;
; Enable Clock Latency                                                                                 ; Off                ;      ;    ;             ;
; Use TimeQuest Timing Analyzer                                                                        ; Off                ;      ;    ;             ;
; Minimum Core Junction Temperature                                                                    ; 0                  ;      ;    ;             ;
; Maximum Core Junction Temperature                                                                    ; 85                 ;      ;    ;             ;
; Number of source nodes to report per destination node                                                ; 10                 ;      ;    ;             ;
; Number of destination nodes to report                                                                ; 10                 ;      ;    ;             ;
; Number of paths to report                                                                            ; 200                ;      ;    ;             ;
; Report Minimum Timing Checks                                                                         ; Off                ;      ;    ;             ;
; Use Fast Timing Models                                                                               ; Off                ;      ;    ;             ;
; Report IO Paths Separately                                                                           ; Off                ;      ;    ;             ;
; Perform Multicorner Analysis                                                                         ; On                 ;      ;    ;             ;
; Reports the worst-case path for each clock domain and analysis                                       ; Off                ;      ;    ;             ;
; Reports worst-case timing paths for each clock domain and analysis                                   ; On                 ;      ;    ;             ;
; Specifies the maximum number of worst-case timing paths to report for each clock domain and analysis ; 100                ;      ;    ;             ;
; Removes common clock path pessimism (CCPP) during slack computation                                  ; Off                ;      ;    ;             ;
; Output I/O Timing Endpoint                                                                           ; Near End           ;      ;    ;             ;
+------------------------------------------------------------------------------------------------------+--------------------+------+----+-------------+


+------------------------------------------------------------------------------------------------------------------------------------------------------------------------------------+
; Clock Settings Summary                                                                                                                                                             ;
+-----------------+--------------------+----------+------------------+---------------+--------------+----------+-----------------------+---------------------+--------+--------------+
; Clock Node Name ; Clock Setting Name ; Type     ; Fmax Requirement ; Early Latency ; Late Latency ; Based on ; Multiply Base Fmax by ; Divide Base Fmax by ; Offset ; Phase offset ;
+-----------------+--------------------+----------+------------------+---------------+--------------+----------+-----------------------+---------------------+--------+--------------+
; CLKN            ;                    ; User Pin ; None             ; 0.000 ns      ; 0.000 ns     ; --       ; N/A                   ; N/A                 ; N/A    ;              ;
+-----------------+--------------------+----------+------------------+---------------+--------------+----------+-----------------------+---------------------+--------+--------------+


Parallel compilation was disabled, but you have multiple processors available. Enable parallel compilation to reduce compilation time.
+-------------------------------------+
; Parallel Compilation                ;
+----------------------------+--------+
; Processors                 ; Number ;
+----------------------------+--------+
; Number detected on machine ; 2      ;
; Maximum allowed            ; 1      ;
+----------------------------+--------+


+--------------------------------------------------------------------------------------------------------------------------------------------------------------------------------------+
; Clock Setup: 'CLKN'                                                                                                                                                                  ;
+-------+------------------------------------------------+--------+--------+------------+----------+-----------------------------+---------------------------+-------------------------+
; Slack ; Actual fmax (period)                           ; From   ; To     ; From Clock ; To Clock ; Required Setup Relationship ; Required Longest P2P Time ; Actual Longest P2P Time ;
+-------+------------------------------------------------+--------+--------+------------+----------+-----------------------------+---------------------------+-------------------------+
; N/A   ; Restricted to 450.05 MHz ( period = 2.222 ns ) ; Q~reg0 ; Q~reg0 ; CLKN       ; CLKN     ; None                        ; None                      ; 0.407 ns                ;
+-------+------------------------------------------------+--------+--------+------------+----------+-----------------------------+---------------------------+-------------------------+


+--------------------------------------------------------------+
; tsu                                                          ;
+-------+--------------+------------+------+--------+----------+
; Slack ; Required tsu ; Actual tsu ; From ; To     ; To Clock ;
+-------+--------------+------------+------+--------+----------+
; N/A   ; None         ; 3.818 ns   ; A[2] ; Q~reg0 ; CLKN     ;
; N/A   ; None         ; 3.682 ns   ; A[3] ; Q~reg0 ; CLKN     ;
; N/A   ; None         ; -0.162 ns  ; A[0] ; Q~reg0 ; CLKN     ;
; N/A   ; None         ; -0.492 ns  ; A[1] ; Q~reg0 ; CLKN     ;
+-------+--------------+------------+------+--------+----------+


+--------------------------------------------------------------+
; tco                                                          ;
+-------+--------------+------------+--------+----+------------+
; Slack ; Required tco ; Actual tco ; From   ; To ; From Clock ;
+-------+--------------+------------+--------+----+------------+
; N/A   ; None         ; 9.184 ns   ; Q~reg0 ; Q  ; CLKN       ;
+-------+--------------+------------+--------+----+------------+


+--------------------------------------------------------------------+
; th                                                                 ;
+---------------+-------------+-----------+------+--------+----------+
; Minimum Slack ; Required th ; Actual th ; From ; To     ; To Clock ;
+---------------+-------------+-----------+------+--------+----------+
; N/A           ; None        ; 0.998 ns  ; A[1] ; Q~reg0 ; CLKN     ;
; N/A           ; None        ; 0.670 ns  ; A[0] ; Q~reg0 ; CLKN     ;
; N/A           ; None        ; -3.173 ns ; A[3] ; Q~reg0 ; CLKN     ;
; N/A           ; None        ; -3.312 ns ; A[2] ; Q~reg0 ; CLKN     ;
+---------------+-------------+-----------+------+--------+----------+


+--------------------------+
; Timing Analyzer Messages ;
+--------------------------+
Info: *******************************************************************
Info: Running Quartus II Classic Timing Analyzer
    Info: Version 9.1 Build 222 10/21/2009 SJ Web Edition
    Info: Processing started: Mon May 17 11:19:39 2021
Info: Command: quartus_tan --read_settings_files=off --write_settings_files=off CIRCUITO -c CIRCUITO --timing_analysis_only
Warning: Found pins functioning as undefined clocks and/or memory enables
    Info: Assuming node "CLKN" is an undefined clock
Info: Clock "CLKN" Internal fmax is restricted to 450.05 MHz between source register "Q~reg0" and destination register "Q~reg0"
    Info: fmax restricted to clock pin edge rate 2.222 ns. Expand message to see actual delay path.
        Info: + Longest register to register delay is 0.407 ns
            Info: 1: + IC(0.000 ns) + CELL(0.000 ns) = 0.000 ns; Loc. = LCFF_X30_Y31_N25; Fanout = 2; REG Node = 'Q~reg0'
            Info: 2: + IC(0.000 ns) + CELL(0.323 ns) = 0.323 ns; Loc. = LCCOMB_X30_Y31_N24; Fanout = 1; COMB Node = 'Q~0'
            Info: 3: + IC(0.000 ns) + CELL(0.084 ns) = 0.407 ns; Loc. = LCFF_X30_Y31_N25; Fanout = 2; REG Node = 'Q~reg0'
            Info: Total cell delay = 0.407 ns ( 100.00 % )
        Info: - Smallest clock skew is 0.000 ns
            Info: + Shortest clock path from clock "CLKN" to destination register is 3.279 ns
                Info: 1: + IC(0.000 ns) + CELL(0.840 ns) = 0.840 ns; Loc. = PIN_V11; Fanout = 1; CLK Node = 'CLKN'
                Info: 2: + IC(1.902 ns) + CELL(0.537 ns) = 3.279 ns; Loc. = LCFF_X30_Y31_N25; Fanout = 2; REG Node = 'Q~reg0'
                Info: Total cell delay = 1.377 ns ( 41.99 % )
                Info: Total interconnect delay = 1.902 ns ( 58.01 % )
            Info: - Longest clock path from clock "CLKN" to source register is 3.279 ns
                Info: 1: + IC(0.000 ns) + CELL(0.840 ns) = 0.840 ns; Loc. = PIN_V11; Fanout = 1; CLK Node = 'CLKN'
                Info: 2: + IC(1.902 ns) + CELL(0.537 ns) = 3.279 ns; Loc. = LCFF_X30_Y31_N25; Fanout = 2; REG Node = 'Q~reg0'
                Info: Total cell delay = 1.377 ns ( 41.99 % )
                Info: Total interconnect delay = 1.902 ns ( 58.01 % )
        Info: + Micro clock to output delay of source is 0.250 ns
        Info: + Micro setup delay of destination is -0.036 ns
Info: tsu for register "Q~reg0" (data pin = "A[2]", clock pin = "CLKN") is 3.818 ns
    Info: + Longest pin to register delay is 7.133 ns
        Info: 1: + IC(0.000 ns) + CELL(0.840 ns) = 0.840 ns; Loc. = PIN_B12; Fanout = 2; PIN Node = 'A[2]'
        Info: 2: + IC(5.121 ns) + CELL(0.420 ns) = 6.381 ns; Loc. = LCCOMB_X30_Y31_N12; Fanout = 1; COMB Node = 'Mux1~0'
        Info: 3: + IC(0.260 ns) + CELL(0.408 ns) = 7.049 ns; Loc. = LCCOMB_X30_Y31_N24; Fanout = 1; COMB Node = 'Q~0'
        Info: 4: + IC(0.000 ns) + CELL(0.084 ns) = 7.133 ns; Loc. = LCFF_X30_Y31_N25; Fanout = 2; REG Node = 'Q~reg0'
        Info: Total cell delay = 1.752 ns ( 24.56 % )
        Info: Total interconnect delay = 5.381 ns ( 75.44 % )
    Info: + Micro setup delay of destination is -0.036 ns
    Info: - Shortest clock path from clock "CLKN" to destination register is 3.279 ns
        Info: 1: + IC(0.000 ns) + CELL(0.840 ns) = 0.840 ns; Loc. = PIN_V11; Fanout = 1; CLK Node = 'CLKN'
        Info: 2: + IC(1.902 ns) + CELL(0.537 ns) = 3.279 ns; Loc. = LCFF_X30_Y31_N25; Fanout = 2; REG Node = 'Q~reg0'
        Info: Total cell delay = 1.377 ns ( 41.99 % )
        Info: Total interconnect delay = 1.902 ns ( 58.01 % )
Info: tco from clock "CLKN" to destination pin "Q" through register "Q~reg0" is 9.184 ns
    Info: + Longest clock path from clock "CLKN" to source register is 3.279 ns
        Info: 1: + IC(0.000 ns) + CELL(0.840 ns) = 0.840 ns; Loc. = PIN_V11; Fanout = 1; CLK Node = 'CLKN'
        Info: 2: + IC(1.902 ns) + CELL(0.537 ns) = 3.279 ns; Loc. = LCFF_X30_Y31_N25; Fanout = 2; REG Node = 'Q~reg0'
        Info: Total cell delay = 1.377 ns ( 41.99 % )
        Info: Total interconnect delay = 1.902 ns ( 58.01 % )
    Info: + Micro clock to output delay of source is 0.250 ns
    Info: + Longest register to pin delay is 5.655 ns
        Info: 1: + IC(0.000 ns) + CELL(0.000 ns) = 0.000 ns; Loc. = LCFF_X30_Y31_N25; Fanout = 2; REG Node = 'Q~reg0'
        Info: 2: + IC(2.897 ns) + CELL(2.758 ns) = 5.655 ns; Loc. = PIN_Y12; Fanout = 0; PIN Node = 'Q'
        Info: Total cell delay = 2.758 ns ( 48.77 % )
        Info: Total interconnect delay = 2.897 ns ( 51.23 % )
Info: th for register "Q~reg0" (data pin = "A[1]", clock pin = "CLKN") is 0.998 ns
    Info: + Longest clock path from clock "CLKN" to destination register is 3.279 ns
        Info: 1: + IC(0.000 ns) + CELL(0.840 ns) = 0.840 ns; Loc. = PIN_V11; Fanout = 1; CLK Node = 'CLKN'
        Info: 2: + IC(1.902 ns) + CELL(0.537 ns) = 3.279 ns; Loc. = LCFF_X30_Y31_N25; Fanout = 2; REG Node = 'Q~reg0'
        Info: Total cell delay = 1.377 ns ( 41.99 % )
        Info: Total interconnect delay = 1.902 ns ( 58.01 % )
    Info: + Micro hold delay of destination is 0.266 ns
    Info: - Shortest pin to register delay is 2.547 ns
        Info: 1: + IC(0.000 ns) + CELL(0.979 ns) = 0.979 ns; Loc. = PIN_D13; Fanout = 2; PIN Node = 'A[1]'
        Info: 2: + IC(0.943 ns) + CELL(0.150 ns) = 2.072 ns; Loc. = LCCOMB_X30_Y31_N2; Fanout = 1; COMB Node = 'Mux0~0'
        Info: 3: + IC(0.241 ns) + CELL(0.150 ns) = 2.463 ns; Loc. = LCCOMB_X30_Y31_N24; Fanout = 1; COMB Node = 'Q~0'
        Info: 4: + IC(0.000 ns) + CELL(0.084 ns) = 2.547 ns; Loc. = LCFF_X30_Y31_N25; Fanout = 2; REG Node = 'Q~reg0'
        Info: Total cell delay = 1.363 ns ( 53.51 % )
        Info: Total interconnect delay = 1.184 ns ( 46.49 % )
Info: Quartus II Classic Timing Analyzer was successful. 0 errors, 1 warning
    Info: Peak virtual memory: 187 megabytes
    Info: Processing ended: Mon May 17 11:19:39 2021
    Info: Elapsed time: 00:00:00
    Info: Total CPU time (on all processors): 00:00:01


